make all --print-data-base --no-builtin-variables --no-builtin-rules --question
# GNU Make 3.81
# Copyright (C) 2006  Free Software Foundation, Inc.
# This is free software; see the source for copying conditions.
# There is NO warranty; not even for MERCHANTABILITY or FITNESS FOR A
# PARTICULAR PURPOSE.

# This program built for i386-apple-darwin11.3.0
 

# Make data base, printed on Fri May 20 12:40:23 2022

# Variables

# automatic
<D = $(patsubst %/,%,$(dir $<))
# automatic
?F = $(notdir $?)
# makefile (from `Makefile', line 29)
OBJ := ./obj/buildarray.o ./obj/main.o ./obj/moves/px.o ./obj/moves/rrx.o ./obj/moves/rx.o ./obj/moves/stackmoves.o ./obj/moves/sx.o ./obj/optimize.o ./obj/quicksort.o ./obj/sequence/seq.o ./obj/sort.o ./obj/stacks/buildstack.o ./obj/stacks/stacks_common.o
# makefile (from `Makefile', line 23)
SRC := src/buildarray.c src/main.c src/moves/px.c src/moves/rrx.c src/moves/rx.c src/moves/stackmoves.c src/moves/sx.c src/optimize.c src/quicksort.c src/sequence/seq.c src/sort.c src/stacks/buildstack.c src/stacks/stacks_common.c
# environment
VSCODE_LOG_NATIVE = false
# automatic
?D = $(patsubst %/,%,$(dir $?))
# automatic
@D = $(patsubst %/,%,$(dir $@))
# automatic
@F = $(notdir $@)
# makefile
CURDIR := /Users/fcil/Desktop/42Cursus/Push_swap
# makefile
SHELL = /bin/sh
# environment
VSCODE_NLS_CONFIG = {"locale":"en","availableLanguages":{},"_languagePackSupport":true}
# environment
_ = /usr/bin/make
# makefile (from `Makefile', line 17)
CFLAGS := -Wall -Wextra -ggdb -I ./include
# makefile (from `Makefile', line 1)
MAKEFILE_LIST :=  Makefile
# environment
VSCODE_VERBOSE_LOGGING = true
# environment
VSCODE_IPC_HOOK_EXTHOST = /var/folders/zz/zyxvpxvq6csfxvn_n000cbc80032v2/T/vscode-ipc-bbbea0a8-54e2-488f-b9d9-1a304dbe7eea.sock
# environment
VSCODE_CWD = /
# environment
PATH = /usr/local/bin:/usr/bin:/bin:/usr/sbin:/sbin:/usr/local/munki:/Library/Apple/usr/bin
# makefile (from `Makefile', line 25)
BNSDIR := bns
# makefile (from `Makefile', line 30)
OBJBNS := ./obj/checker.o
# environment
VSCODE_LOG_STACK = false
# environment
ELECTRON_RUN_AS_NODE = 1
# default
.FEATURES := target-specific order-only second-expansion else-if archives jobserver check-symlink
# environment
SSH_AUTH_SOCK = /private/tmp/com.apple.launchd.UNSXBi3LiO/Listeners
# makefile (from `Makefile', line 22)
SRCDIR := src
# automatic
%F = $(notdir $%)
# environment
VSCODE_PIPE_LOGGING = true
# environment
PWD = /Users/fcil/Desktop/42Cursus/Push_swap
# environment
ORIGINAL_XDG_CURRENT_DESKTOP = undefined
# environment
VSCODE_AMD_ENTRYPOINT = vs/workbench/api/node/extensionHostProcess
# environment
HOME = /Users/fcil
# default
MAKEFILEPATH := /Applications/Xcode.app/Contents/Developer/Makefiles
# environment
VSCODE_CODE_CACHE_PATH = /Users/fcil/Library/Application Support/Code/CachedData/dfd34e8260c270da74b5c2d86d61aee4b6d56977
# environment
LOGNAME = fcil
# environment
APPLICATION_INSIGHTS_NO_DIAGNOSTIC_CHANNEL = 1
# makefile (from `Makefile', line 26)
BNS := bns/checker.c
# environment
VSCODE_HANDLES_UNCAUGHT_ERRORS = true
# automatic
^D = $(patsubst %/,%,$(dir $^))
# environment
XPC_FLAGS = 0x0
# default
MAKE = $(MAKE_COMMAND)
# default
MAKECMDGOALS := all
# environment
SHLVL = 1
# makefile (from `Makefile', line 18)
LIBFT = ft_printf
# makefile (from `Makefile', line 15)
CC := gcc
# default
MAKE_VERSION := 3.81
# environment
USER = fcil
# makefile
.DEFAULT_GOAL := all
# makefile (from `Makefile', line 16)
INCLUDE := ./include
# makefile (from `Makefile', line 13)
NAME := push_swap
# automatic
%D = $(patsubst %/,%,$(dir $%))
# default
MAKE_COMMAND := /Applications/Xcode.app/Contents/Developer/usr/bin/make
# default
.VARIABLES := 
# environment
TMPDIR = /var/folders/zz/zyxvpxvq6csfxvn_n000cbc80032v2/T/
# automatic
*F = $(notdir $*)
# environment
VSCODE_IPC_HOOK = /Users/fcil/Library/Application Support/Code/1.66.2-main.sock
# makefile
MAKEFLAGS = Rrqp
# environment
MFLAGS = -Rrqp
# automatic
*D = $(patsubst %/,%,$(dir $*))
# environment
XPC_SERVICE_NAME = com.microsoft.VSCode.2520
# automatic
+D = $(patsubst %/,%,$(dir $+))
# automatic
+F = $(notdir $+)
# environment
__CF_USER_TEXT_ENCODING = 0x18B62:0x0:0x0
# default
MAKEFILES := 
# automatic
<F = $(notdir $<)
# makefile (from `Makefile', line 28)
OBJDIR := ./obj
# environment
LC_ALL = C
# automatic
^F = $(notdir $^)
# default
SUFFIXES := 
# default
.INCLUDE_DIRS = /usr/local/include
# environment
MAKELEVEL := 0
# environment
LANG = C
# environment
VSCODE_PID = 98557
# variable set hash-table stats:
# Load=72/1024=7%, Rehash=0, Collisions=8/116=7%

# Pattern-specific Variable Values

# No pattern-specific variable values.

# Directories

# src/stacks (device 16777225, inode 313390): 4 files, no impossibilities so far.
# . (device 16777225, inode 313350): 14 files, no impossibilities.
# src/moves (device 16777225, inode 313381): 7 files, no impossibilities so far.
# src (device 16777225, inode 313378): 9 files, no impossibilities so far.
# src/sequence (device 16777225, inode 313387): 3 files, no impossibilities so far.

# 37 files, no impossibilities in 5 directories.

# Implicit Rules

obj/%.o: src/%.c
#  commands to execute (from `Makefile', line 45):
	@mkdir -p $(@D)
	$(CC) $(CFLAGS) -c $< -o $@
	

# 1 implicit rules, 0 (0.0%) terminal.

# Files

obj/moves/px.o: src/moves/px.c
#  Implicit rule search has been done.
#  Implicit/static pattern stem: `moves/px'
#  Last modified 2022-04-05 12:25:46
#  File has been updated.
#  Successfully updated.
# variable set hash-table stats:
# Load=0/32=0%, Rehash=0, Collisions=0/0=0%
#  commands to execute (from `Makefile', line 45):
	@mkdir -p $(@D)
	$(CC) $(CFLAGS) -c $< -o $@
	

obj/moves/sx.o: src/moves/sx.c
#  Implicit rule search has been done.
#  Implicit/static pattern stem: `moves/sx'
#  Last modified 2022-04-05 12:25:46
#  File has been updated.
#  Successfully updated.
# variable set hash-table stats:
# Load=0/32=0%, Rehash=0, Collisions=0/0=0%
#  commands to execute (from `Makefile', line 45):
	@mkdir -p $(@D)
	$(CC) $(CFLAGS) -c $< -o $@
	

obj/moves/rrx.o: src/moves/rrx.c
#  Implicit rule search has been done.
#  Implicit/static pattern stem: `moves/rrx'
#  Last modified 2022-04-05 12:25:46
#  File has been updated.
#  Successfully updated.
# variable set hash-table stats:
# Load=0/32=0%, Rehash=0, Collisions=0/0=0%
#  commands to execute (from `Makefile', line 45):
	@mkdir -p $(@D)
	$(CC) $(CFLAGS) -c $< -o $@
	

all: push_swap
#  Phony target (prerequisite of .PHONY).
#  Command-line target.
#  Implicit rule search has not been done.
#  File does not exist.
#  File has been updated.
#  Successfully updated.
# variable set hash-table stats:
# Load=0/32=0%, Rehash=0, Collisions=0/0=0%

obj/sort.o: src/sort.c
#  Implicit rule search has been done.
#  Implicit/static pattern stem: `sort'
#  Last modified 2022-04-22 10:35:03
#  File has been updated.
#  Successfully updated.
# variable set hash-table stats:
# Load=0/32=0%, Rehash=0, Collisions=0/0=0%
#  commands to execute (from `Makefile', line 45):
	@mkdir -p $(@D)
	$(CC) $(CFLAGS) -c $< -o $@
	

.PHONY: all clean fclean re
#  Implicit rule search has not been done.
#  Modification time never checked.
#  File has not been updated.

obj/stacks/stacks_common.o: src/stacks/stacks_common.c
#  Implicit rule search has been done.
#  Implicit/static pattern stem: `stacks/stacks_common'
#  Last modified 2022-04-05 12:25:46
#  File has been updated.
#  Successfully updated.
# variable set hash-table stats:
# Load=0/32=0%, Rehash=0, Collisions=0/0=0%
#  commands to execute (from `Makefile', line 45):
	@mkdir -p $(@D)
	$(CC) $(CFLAGS) -c $< -o $@
	

obj/main.o: src/main.c
#  Implicit rule search has been done.
#  Implicit/static pattern stem: `main'
#  Last modified 2022-04-05 12:25:46
#  File has been updated.
#  Successfully updated.
# variable set hash-table stats:
# Load=0/32=0%, Rehash=0, Collisions=0/0=0%
#  commands to execute (from `Makefile', line 45):
	@mkdir -p $(@D)
	$(CC) $(CFLAGS) -c $< -o $@
	

# Not a target:
src/moves/px.c:
#  Implicit rule search has been done.
#  Last modified 2022-03-27 13:33:15
#  File has been updated.
#  Successfully updated.
# variable set hash-table stats:
# Load=0/32=0%, Rehash=0, Collisions=0/0=0%

# Not a target:
.SUFFIXES:
#  Implicit rule search has not been done.
#  Modification time never checked.
#  File has not been updated.

# Not a target:
Makefile:
#  Implicit rule search has been done.
#  Last modified 2022-04-22 10:33:50
#  File has been updated.
#  Successfully updated.
# variable set hash-table stats:
 
# Load=0/32=0%, Rehash=0, Collisions=0/0=0%

# Not a target:
src/moves/sx.c:
#  Implicit rule search has been done.
#  Last modified 2022-03-27 13:33:15
#  File has been updated.
#  Successfully updated.
# variable set hash-table stats:
# Load=0/32=0%, Rehash=0, Collisions=0/0=0%

# Not a target:
src/moves/rrx.c:
#  Implicit rule search has been done.
#  Last modified 2022-03-27 13:33:15
#  File has been updated.
#  Successfully updated.
# variable set hash-table stats:
# Load=0/32=0%, Rehash=0, Collisions=0/0=0%

# Not a target:
src/sort.c:
#  Implicit rule search has been done.
#  Last modified 2022-04-22 10:35:01
#  File has been updated.
#  Successfully updated.
# variable set hash-table stats:
# Load=0/32=0%, Rehash=0, Collisions=0/0=0%

# Not a target:
obj/checker.o:
#  Implicit rule search has not been done.
#  Modification time never checked.
#  File has not been updated.

obj/buildarray.o: src/buildarray.c
#  Implicit rule search has been done.
#  Implicit/static pattern stem: `buildarray'
#  Last modified 2022-04-05 12:25:46
#  File has been updated.
#  Successfully updated.
# variable set hash-table stats:
# Load=0/32=0%, Rehash=0, Collisions=0/0=0%
#  commands to execute (from `Makefile', line 45):
	@mkdir -p $(@D)
	$(CC) $(CFLAGS) -c $< -o $@
	

bonus: obj/buildarray.o obj/main.o obj/moves/px.o obj/moves/rrx.o obj/moves/rx.o obj/moves/stackmoves.o obj/moves/sx.o obj/optimize.o obj/quicksort.o obj/sequence/seq.o obj/sort.o obj/stacks/buildstack.o obj/stacks/stacks_common.o obj/checker.o
#  Implicit rule search has not been done.
#  Modification time never checked.
#  File has not been updated.
#  commands to execute (from `Makefile', line 35):
	make -C $(LIBFT)
	cp ft_printf/libftprintf.a .
	$(CC) $(CFLAGS) $(OBJ) libftprintf.a -o $@
	

fclean:
#  Phony target (prerequisite of .PHONY).
#  Implicit rule search has not been done.
#  File does not exist.
#  File has not been updated.
#  commands to execute (from `Makefile', line 54):
	make fclean -C $(LIBFT)
	rm -rf libftprintf.a
	@rm -rf $(OBJDIR)
	@rm -f $(NAME)
	

# Not a target:
src/stacks/stacks_common.c:
#  Implicit rule search has been done.
#  Last modified 2022-03-27 13:33:15
#  File has been updated.
#  Successfully updated.
# variable set hash-table stats:
# Load=0/32=0%, Rehash=0, Collisions=0/0=0%

# Not a target:
src/main.c:
#  Implicit rule search has been done.
#  Last modified 2022-03-30 11:50:22
#  File has been updated.
#  Successfully updated.
# variable set hash-table stats:
# Load=0/32=0%, Rehash=0, Collisions=0/0=0%

obj/moves/stackmoves.o: src/moves/stackmoves.c
#  Implicit rule search has been done.
#  Implicit/static pattern stem: `moves/stackmoves'
#  Last modified 2022-04-05 12:25:46
#  File has been updated.
#  Successfully updated.
# variable set hash-table stats:
# Load=0/32=0%, Rehash=0, Collisions=0/0=0%
#  commands to execute (from `Makefile', line 45):
	@mkdir -p $(@D)
	$(CC) $(CFLAGS) -c $< -o $@
	

obj/stacks/buildstack.o: src/stacks/buildstack.c
#  Implicit rule search has been done.
#  Implicit/static pattern stem: `stacks/buildstack'
#  Last modified 2022-04-05 12:25:46
#  File has been updated.
#  Successfully updated.
# variable set hash-table stats:
# Load=0/32=0%, Rehash=0, Collisions=0/0=0%
#  commands to execute (from `Makefile', line 45):
	@mkdir -p $(@D)
	$(CC) $(CFLAGS) -c $< -o $@
	

obj/quicksort.o: src/quicksort.c
#  Implicit rule search has been done.
#  Implicit/static pattern stem: `quicksort'
#  Last modified 2022-04-05 12:25:46
#  File has been updated.
#  Successfully updated.
# variable set hash-table stats:
# Load=0/32=0%, Rehash=0, Collisions=0/0=0%
#  commands to execute (from `Makefile', line 45):
	@mkdir -p $(@D)
	$(CC) $(CFLAGS) -c $< -o $@
	

# Not a target:
.DEFAULT:
#  Implicit rule search has not been done.
#  Modification time never checked.
#  File has not been updated.

obj/moves/rx.o: src/moves/rx.c
#  Implicit rule search has been done.
#  Implicit/static pattern stem: `moves/rx'
#  Last modified 2022-04-05 12:25:46
#  File has been updated.
#  Successfully updated.
# variable set hash-table stats:
# Load=0/32=0%, Rehash=0, Collisions=0/0=0%
#  commands to execute (from `Makefile', line 45):
	@mkdir -p $(@D)
	$(CC) $(CFLAGS) -c $< -o $@
	

re: fclean all
#  Phony target (prerequisite of .PHONY).
#  Implicit rule search has not been done.
#  File does not exist.
#  File has not been updated.

clean:
#  Phony target (prerequisite of .PHONY).
#  Implicit rule search has not been done.
#  File does not exist.
#  File has not been updated.
#  commands to execute (from `Makefile', line 49):
	make clean -C $(LIBFT)
	rm -rf libftprintf.a
	@rm -rf $(OBJDIR)
	

obj/optimize.o: src/optimize.c
#  Implicit rule search has been done.
#  Implicit/static pattern stem: `optimize'
#  Last modified 2022-04-05 12:25:46
#  File has been updated.
#  Successfully updated.
# variable set hash-table stats:
# Load=0/32=0%, Rehash=0, Collisions=0/0=0%
#  commands to execute (from `Makefile', line 45):
	@mkdir -p $(@D)
	$(CC) $(CFLAGS) -c $< -o $@
	

push_swap: obj/buildarray.o obj/main.o obj/moves/px.o obj/moves/rrx.o obj/moves/rx.o obj/moves/stackmoves.o obj/moves/sx.o obj/optimize.o obj/quicksort.o obj/sequence/seq.o obj/sort.o obj/stacks/buildstack.o obj/stacks/stacks_common.o
#  Implicit rule search has not been done.
#  Last modified 2022-04-22 10:35:03
#  File has been updated.
#  Successfully updated.
# variable set hash-table stats:
# Load=0/32=0%, Rehash=0, Collisions=0/0=0%
#  commands to execute (from `Makefile', line 40):
	make -C $(LIBFT)
	cp ft_printf/libftprintf.a .
	$(CC) $(CFLAGS) $(OBJ) libftprintf.a -o $@
	

# Not a target:
src/moves/stackmoves.c:
#  Implicit rule search has been done.
#  Last modified 2022-03-27 14:26:09
#  File has been updated.
#  Successfully updated.
# variable set hash-table stats:
# Load=0/32=0%, Rehash=0, Collisions=0/0=0%

# Not a target:
src/stacks/buildstack.c:
#  Implicit rule search has been done.
#  Last modified 2022-03-28 12:07:49
#  File has been updated.
#  Successfully updated.
# variable set hash-table stats:
# Load=0/32=0%, Rehash=0, Collisions=0/0=0%

# Not a target:
src/quicksort.c:
#  Implicit rule search has been done.
#  Last modified 2022-03-27 14:25:56
#  File has been updated.
#  Successfully updated.
# variable set hash-table stats:
# Load=0/32=0%, Rehash=0, Collisions=0/0=0%

# Not a target:
src/sequence/seq.c:
#  Implicit rule search has been done.
#  Last modified 2022-03-27 13:33:15
#  File has been updated.
#  Successfully updated.
# variable set hash-table stats:
# Load=0/32=0%, Rehash=0, Collisions=0/0=0%

# Not a target:
src/moves/rx.c:
#  Implicit rule search has been done.
#  Last modified 2022-03-27 13:33:15
#  File has been updated.
#  Successfully updated.
# variable set hash-table stats:
# Load=0/32=0%, Rehash=0, Collisions=0/0=0%

# Not a target:
src/optimize.c:
#  Implicit rule search has been done.
#  Last modified 2022-03-27 16:31:47
#  File has been updated.
#  Successfully updated.
# variable set hash-table stats:
# Load=0/32=0%, Rehash=0, Collisions=0/0=0%

# Not a target:
src/buildarray.c:
#  Implicit rule search has been done.
#  Last modified 2022-03-28 12:08:47
#  File has been updated.
#  Successfully updated.
# variable set hash-table stats:
# Load=0/32=0%, Rehash=0, Collisions=0/0=0%

obj/sequence/seq.o: src/sequence/seq.c
#  Implicit rule search has been done.
#  Implicit/static pattern stem: `sequence/seq'
#  Last modified 2022-04-05 12:25:46
#  File has been updated.
#  Successfully updated.
# variable set hash-table stats:
# Load=0/32=0%, Rehash=0, Collisions=0/0=0%
#  commands to execute (from `Makefile', line 45):
	@mkdir -p $(@D)
	$(CC) $(CFLAGS) -c $< -o $@
	

# files hash-table stats:
# Load=37/1024=4%, Rehash=0, Collisions=6/123=5%
# VPATH Search Paths

# No `vpath' search paths.

# No general (`VPATH' variable) search path.

# # of strings in strcache: 1
# # of strcache buffers: 1
# strcache size: total = 4096 / max = 4096 / min = 4096 / avg = 4096
# strcache free: total = 4087 / max = 4087 / min = 4087 / avg = 4087

# Finished Make data base on Fri May 20 12:40:23 2022

 
